<?xml version="1.0" encoding="UTF-8"?>
<!-- Generated by org.testng.reporters.JUnitXMLReporter -->
<testsuite ignored="0" hostname="LAPTOP-QC1KKNSF" failures="0" tests="3" name="Default test" time="9.006" errors="0" timestamp="2024-09-02T17:49:20 IST">
  <testcase classname="com.test.Contact" name="openapp" time="4.793"/>
  <testcase classname="com.test.Contact" name="testlogo" time="3.069"/>
  <testcase classname="com.test.Contact" name="testcontact" time="1.027"/>
</testsuite> <!-- Default test -->
